Analysis & Synthesis report for FPGAMAC
Fri Apr 05 16:00:57 2024
Quartus II 64-Bit Version 13.0.1 Build 232 06/12/2013 Service Pack 1 SJ Web Edition


---------------------
; Table of Contents ;
---------------------
  1. Legal Notice
  2. Analysis & Synthesis Summary
  3. Analysis & Synthesis Settings
  4. Parallel Compilation
  5. Analysis & Synthesis Source Files Read
  6. Analysis & Synthesis Resource Usage Summary
  7. Analysis & Synthesis Resource Utilization by Entity
  8. General Register Statistics
  9. Port Connectivity Checks: "MulAndAcc:main_mac|Accumulator16Bit:main_accumulator|Adder16Bit:main_adder"
 10. Port Connectivity Checks: "MulAndAcc:main_mac|Accumulator16Bit:main_accumulator"
 11. Port Connectivity Checks: "MulAndAcc:main_mac|SequentialMultiplier:main_multiplier_module|RegisterPIPO10BitNeg:partial_sum_reg"
 12. Port Connectivity Checks: "MulAndAcc:main_mac|SequentialMultiplier:main_multiplier_module|Adder10Bit:main_adder"
 13. Port Connectivity Checks: "MulAndAcc:main_mac|SequentialMultiplier:main_multiplier_module|PosedgeDFF:fetching_complete_checker"
 14. Elapsed Time Per Partition
 15. Analysis & Synthesis Messages



----------------
; Legal Notice ;
----------------
Copyright (C) 1991-2013 Altera Corporation
Your use of Altera Corporation's design tools, logic functions 
and other software and tools, and its AMPP partner logic 
functions, and any output files from any of the foregoing 
(including device programming or simulation files), and any 
associated documentation or information are expressly subject 
to the terms and conditions of the Altera Program License 
Subscription Agreement, Altera MegaCore Function License 
Agreement, or other applicable license agreement, including, 
without limitation, that your use is for the sole purpose of 
programming logic devices manufactured by Altera and sold by 
Altera or its authorized distributors.  Please refer to the 
applicable agreement for further details.



+--------------------------------------------------------------------------------------+
; Analysis & Synthesis Summary                                                         ;
+------------------------------------+-------------------------------------------------+
; Analysis & Synthesis Status        ; Successful - Fri Apr 05 16:00:57 2024           ;
; Quartus II 64-Bit Version          ; 13.0.1 Build 232 06/12/2013 SP 1 SJ Web Edition ;
; Revision Name                      ; FPGAMAC                                         ;
; Top-level Entity Name              ; FPGAMAC                                         ;
; Family                             ; Cyclone II                                      ;
; Total logic elements               ; 65                                              ;
;     Total combinational functions  ; 59                                              ;
;     Dedicated logic registers      ; 40                                              ;
; Total registers                    ; 40                                              ;
; Total pins                         ; 34                                              ;
; Total virtual pins                 ; 0                                               ;
; Total memory bits                  ; 0                                               ;
; Embedded Multiplier 9-bit elements ; 0                                               ;
; Total PLLs                         ; 0                                               ;
+------------------------------------+-------------------------------------------------+


+----------------------------------------------------------------------------------------------------------------------+
; Analysis & Synthesis Settings                                                                                        ;
+----------------------------------------------------------------------------+--------------------+--------------------+
; Option                                                                     ; Setting            ; Default Value      ;
+----------------------------------------------------------------------------+--------------------+--------------------+
; Device                                                                     ; EP2C35F672C6       ;                    ;
; Top-level entity name                                                      ; FPGAMAC            ; FPGAMAC            ;
; Family name                                                                ; Cyclone II         ; Cyclone IV GX      ;
; Use smart compilation                                                      ; Off                ; Off                ;
; Enable parallel Assembler and TimeQuest Timing Analyzer during compilation ; On                 ; On                 ;
; Enable compact report table                                                ; Off                ; Off                ;
; Restructure Multiplexers                                                   ; Auto               ; Auto               ;
; Create Debugging Nodes for IP Cores                                        ; Off                ; Off                ;
; Preserve fewer node names                                                  ; On                 ; On                 ;
; Disable OpenCore Plus hardware evaluation                                  ; Off                ; Off                ;
; Verilog Version                                                            ; Verilog_2001       ; Verilog_2001       ;
; VHDL Version                                                               ; VHDL_1993          ; VHDL_1993          ;
; State Machine Processing                                                   ; Auto               ; Auto               ;
; Safe State Machine                                                         ; Off                ; Off                ;
; Extract Verilog State Machines                                             ; On                 ; On                 ;
; Extract VHDL State Machines                                                ; On                 ; On                 ;
; Ignore Verilog initial constructs                                          ; Off                ; Off                ;
; Iteration limit for constant Verilog loops                                 ; 5000               ; 5000               ;
; Iteration limit for non-constant Verilog loops                             ; 250                ; 250                ;
; Add Pass-Through Logic to Inferred RAMs                                    ; On                 ; On                 ;
; Infer RAMs from Raw Logic                                                  ; On                 ; On                 ;
; Parallel Synthesis                                                         ; On                 ; On                 ;
; DSP Block Balancing                                                        ; Auto               ; Auto               ;
; NOT Gate Push-Back                                                         ; On                 ; On                 ;
; Power-Up Don't Care                                                        ; On                 ; On                 ;
; Remove Redundant Logic Cells                                               ; Off                ; Off                ;
; Remove Duplicate Registers                                                 ; On                 ; On                 ;
; Ignore CARRY Buffers                                                       ; Off                ; Off                ;
; Ignore CASCADE Buffers                                                     ; Off                ; Off                ;
; Ignore GLOBAL Buffers                                                      ; Off                ; Off                ;
; Ignore ROW GLOBAL Buffers                                                  ; Off                ; Off                ;
; Ignore LCELL Buffers                                                       ; Off                ; Off                ;
; Ignore SOFT Buffers                                                        ; On                 ; On                 ;
; Limit AHDL Integers to 32 Bits                                             ; Off                ; Off                ;
; Optimization Technique                                                     ; Balanced           ; Balanced           ;
; Carry Chain Length                                                         ; 70                 ; 70                 ;
; Auto Carry Chains                                                          ; On                 ; On                 ;
; Auto Open-Drain Pins                                                       ; On                 ; On                 ;
; Perform WYSIWYG Primitive Resynthesis                                      ; Off                ; Off                ;
; Auto ROM Replacement                                                       ; On                 ; On                 ;
; Auto RAM Replacement                                                       ; On                 ; On                 ;
; Auto Shift Register Replacement                                            ; Auto               ; Auto               ;
; Allow Shift Register Merging across Hierarchies                            ; Auto               ; Auto               ;
; Auto Clock Enable Replacement                                              ; On                 ; On                 ;
; Strict RAM Replacement                                                     ; Off                ; Off                ;
; Allow Synchronous Control Signals                                          ; On                 ; On                 ;
; Force Use of Synchronous Clear Signals                                     ; Off                ; Off                ;
; Auto RAM to Logic Cell Conversion                                          ; Off                ; Off                ;
; Auto Resource Sharing                                                      ; Off                ; Off                ;
; Allow Any RAM Size For Recognition                                         ; Off                ; Off                ;
; Allow Any ROM Size For Recognition                                         ; Off                ; Off                ;
; Allow Any Shift Register Size For Recognition                              ; Off                ; Off                ;
; Use LogicLock Constraints during Resource Balancing                        ; On                 ; On                 ;
; Ignore translate_off and synthesis_off directives                          ; Off                ; Off                ;
; Timing-Driven Synthesis                                                    ; Off                ; Off                ;
; Report Parameter Settings                                                  ; On                 ; On                 ;
; Report Source Assignments                                                  ; On                 ; On                 ;
; Report Connectivity Checks                                                 ; On                 ; On                 ;
; Ignore Maximum Fan-Out Assignments                                         ; Off                ; Off                ;
; Synchronization Register Chain Length                                      ; 2                  ; 2                  ;
; PowerPlay Power Optimization                                               ; Normal compilation ; Normal compilation ;
; HDL message level                                                          ; Level2             ; Level2             ;
; Suppress Register Optimization Related Messages                            ; Off                ; Off                ;
; Number of Removed Registers Reported in Synthesis Report                   ; 5000               ; 5000               ;
; Number of Swept Nodes Reported in Synthesis Report                         ; 5000               ; 5000               ;
; Number of Inverted Registers Reported in Synthesis Report                  ; 100                ; 100                ;
; Clock MUX Protection                                                       ; On                 ; On                 ;
; Auto Gated Clock Conversion                                                ; Off                ; Off                ;
; Block Design Naming                                                        ; Auto               ; Auto               ;
; SDC constraint protection                                                  ; Off                ; Off                ;
; Synthesis Effort                                                           ; Auto               ; Auto               ;
; Shift Register Replacement - Allow Asynchronous Clear Signal               ; On                 ; On                 ;
; Pre-Mapping Resynthesis Optimization                                       ; Off                ; Off                ;
; Analysis & Synthesis Message Level                                         ; Medium             ; Medium             ;
; Disable Register Merging Across Hierarchies                                ; Auto               ; Auto               ;
; Resource Aware Inference For Block RAM                                     ; On                 ; On                 ;
; Synthesis Seed                                                             ; 1                  ; 1                  ;
+----------------------------------------------------------------------------+--------------------+--------------------+


Parallel compilation was disabled, but you have multiple processors available. Enable parallel compilation to reduce compilation time.
+-------------------------------------+
; Parallel Compilation                ;
+----------------------------+--------+
; Processors                 ; Number ;
+----------------------------+--------+
; Number detected on machine ; 16     ;
; Maximum allowed            ; 1      ;
+----------------------------+--------+


+----------------------------------------------------------------------------------------------------------------------------------------------------------+
; Analysis & Synthesis Source Files Read                                                                                                                   ;
+----------------------------------+-----------------+------------------------+------------------------------------------------------------------+---------+
; File Name with User-Entered Path ; Used in Netlist ; File Type              ; File Name with Absolute Path                                     ; Library ;
+----------------------------------+-----------------+------------------------+------------------------------------------------------------------+---------+
; FPGAMAC.v                        ; yes             ; User Verilog HDL File  ; C:/Users/love4/Desktop/pr/vr3/MAC/FPGAMAC/FPGAMAC.v              ;         ;
; SequentialMultiplier.v           ; yes             ; User Verilog HDL File  ; C:/Users/love4/Desktop/pr/vr3/MAC/FPGAMAC/SequentialMultiplier.v ;         ;
; Registers.v                      ; yes             ; User Verilog HDL File  ; C:/Users/love4/Desktop/pr/vr3/MAC/FPGAMAC/Registers.v            ;         ;
; MulAndAcc.v                      ; yes             ; User Verilog HDL File  ; C:/Users/love4/Desktop/pr/vr3/MAC/FPGAMAC/MulAndAcc.v            ;         ;
; DFFs.v                           ; yes             ; User Verilog HDL File  ; C:/Users/love4/Desktop/pr/vr3/MAC/FPGAMAC/DFFs.v                 ;         ;
; Counter3Bit.v                    ; yes             ; User Verilog HDL File  ; C:/Users/love4/Desktop/pr/vr3/MAC/FPGAMAC/Counter3Bit.v          ;         ;
; Adders.v                         ; yes             ; User Verilog HDL File  ; C:/Users/love4/Desktop/pr/vr3/MAC/FPGAMAC/Adders.v               ;         ;
; Accumulator16Bit.v               ; yes             ; User Verilog HDL File  ; C:/Users/love4/Desktop/pr/vr3/MAC/FPGAMAC/Accumulator16Bit.v     ;         ;
+----------------------------------+-----------------+------------------------+------------------------------------------------------------------+---------+


+-----------------------------------------------------+
; Analysis & Synthesis Resource Usage Summary         ;
+---------------------------------------------+-------+
; Resource                                    ; Usage ;
+---------------------------------------------+-------+
; Estimated Total logic elements              ; 65    ;
;                                             ;       ;
; Total combinational functions               ; 59    ;
; Logic element usage by number of LUT inputs ;       ;
;     -- 4 input functions                    ; 24    ;
;     -- 3 input functions                    ; 22    ;
;     -- <=2 input functions                  ; 13    ;
;                                             ;       ;
; Logic elements by mode                      ;       ;
;     -- normal mode                          ; 59    ;
;     -- arithmetic mode                      ; 0     ;
;                                             ;       ;
; Total registers                             ; 40    ;
;     -- Dedicated logic registers            ; 40    ;
;     -- I/O registers                        ; 0     ;
;                                             ;       ;
; I/O pins                                    ; 34    ;
; Embedded Multiplier 9-bit elements          ; 0     ;
; Maximum fan-out node                        ; clk_i ;
; Maximum fan-out                             ; 39    ;
; Total fan-out                               ; 340   ;
; Average fan-out                             ; 2.56  ;
+---------------------------------------------+-------+


+------------------------------------------------------------------------------------------------------------------------------------------------------------------------------------------------------------------------------------------------------------------------------------------------------------------------------------------------+
; Analysis & Synthesis Resource Utilization by Entity                                                                                                                                                                                                                                                                                            ;
+-----------------------------------------------------------+-------------------+--------------+-------------+--------------+---------+-----------+------+--------------+---------------------------------------------------------------------------------------------------------------------------------------------------------+--------------+
; Compilation Hierarchy Node                                ; LC Combinationals ; LC Registers ; Memory Bits ; DSP Elements ; DSP 9x9 ; DSP 18x18 ; Pins ; Virtual Pins ; Full Hierarchy Name                                                                                                                                     ; Library Name ;
+-----------------------------------------------------------+-------------------+--------------+-------------+--------------+---------+-----------+------+--------------+---------------------------------------------------------------------------------------------------------------------------------------------------------+--------------+
; |FPGAMAC                                                  ; 59 (0)            ; 40 (0)       ; 0           ; 0            ; 0       ; 0         ; 34   ; 0            ; |FPGAMAC                                                                                                                                                ; work         ;
;    |MulAndAcc:main_mac|                                   ; 59 (0)            ; 40 (0)       ; 0           ; 0            ; 0       ; 0         ; 0    ; 0            ; |FPGAMAC|MulAndAcc:main_mac                                                                                                                             ; work         ;
;       |Accumulator16Bit:main_accumulator|                 ; 31 (0)            ; 16 (0)       ; 0           ; 0            ; 0       ; 0         ; 0    ; 0            ; |FPGAMAC|MulAndAcc:main_mac|Accumulator16Bit:main_accumulator                                                                                           ; work         ;
;          |Adder16Bit:main_adder|                          ; 22 (0)            ; 0 (0)        ; 0           ; 0            ; 0       ; 0         ; 0    ; 0            ; |FPGAMAC|MulAndAcc:main_mac|Accumulator16Bit:main_accumulator|Adder16Bit:main_adder                                                                     ; work         ;
;             |SingleBitFA:fa_array_16bit[1].fa_inst|       ; 2 (2)             ; 0 (0)        ; 0           ; 0            ; 0       ; 0         ; 0    ; 0            ; |FPGAMAC|MulAndAcc:main_mac|Accumulator16Bit:main_accumulator|Adder16Bit:main_adder|SingleBitFA:fa_array_16bit[1].fa_inst                               ; work         ;
;             |SingleBitFA:fa_array_16bit[2].fa_inst|       ; 1 (1)             ; 0 (0)        ; 0           ; 0            ; 0       ; 0         ; 0    ; 0            ; |FPGAMAC|MulAndAcc:main_mac|Accumulator16Bit:main_accumulator|Adder16Bit:main_adder|SingleBitFA:fa_array_16bit[2].fa_inst                               ; work         ;
;             |SingleBitFA:fa_array_16bit[3].fa_inst|       ; 5 (5)             ; 0 (0)        ; 0           ; 0            ; 0       ; 0         ; 0    ; 0            ; |FPGAMAC|MulAndAcc:main_mac|Accumulator16Bit:main_accumulator|Adder16Bit:main_adder|SingleBitFA:fa_array_16bit[3].fa_inst                               ; work         ;
;             |SingleBitFA:fa_array_16bit[4].fa_inst|       ; 2 (2)             ; 0 (0)        ; 0           ; 0            ; 0       ; 0         ; 0    ; 0            ; |FPGAMAC|MulAndAcc:main_mac|Accumulator16Bit:main_accumulator|Adder16Bit:main_adder|SingleBitFA:fa_array_16bit[4].fa_inst                               ; work         ;
;             |SingleBitFA:fa_array_16bit[5].fa_inst|       ; 2 (2)             ; 0 (0)        ; 0           ; 0            ; 0       ; 0         ; 0    ; 0            ; |FPGAMAC|MulAndAcc:main_mac|Accumulator16Bit:main_accumulator|Adder16Bit:main_adder|SingleBitFA:fa_array_16bit[5].fa_inst                               ; work         ;
;             |SingleBitFA:fa_array_16bit[6].fa_inst|       ; 1 (1)             ; 0 (0)        ; 0           ; 0            ; 0       ; 0         ; 0    ; 0            ; |FPGAMAC|MulAndAcc:main_mac|Accumulator16Bit:main_accumulator|Adder16Bit:main_adder|SingleBitFA:fa_array_16bit[6].fa_inst                               ; work         ;
;             |SingleBitFA:fa_array_16bit[7].fa_inst|       ; 6 (6)             ; 0 (0)        ; 0           ; 0            ; 0       ; 0         ; 0    ; 0            ; |FPGAMAC|MulAndAcc:main_mac|Accumulator16Bit:main_accumulator|Adder16Bit:main_adder|SingleBitFA:fa_array_16bit[7].fa_inst                               ; work         ;
;             |SingleBitFA:fa_array_16bit[8].fa_inst|       ; 2 (2)             ; 0 (0)        ; 0           ; 0            ; 0       ; 0         ; 0    ; 0            ; |FPGAMAC|MulAndAcc:main_mac|Accumulator16Bit:main_accumulator|Adder16Bit:main_adder|SingleBitFA:fa_array_16bit[8].fa_inst                               ; work         ;
;             |SingleBitFA:fa_array_16bit[9].fa_inst|       ; 1 (1)             ; 0 (0)        ; 0           ; 0            ; 0       ; 0         ; 0    ; 0            ; |FPGAMAC|MulAndAcc:main_mac|Accumulator16Bit:main_accumulator|Adder16Bit:main_adder|SingleBitFA:fa_array_16bit[9].fa_inst                               ; work         ;
;          |RegisterPIPO16Bit:main_register|                ; 9 (0)             ; 16 (0)       ; 0           ; 0            ; 0       ; 0         ; 0    ; 0            ; |FPGAMAC|MulAndAcc:main_mac|Accumulator16Bit:main_accumulator|RegisterPIPO16Bit:main_register                                                           ; work         ;
;             |PosedgeDFF:pipo16bit_dff_array[0].dff_inst|  ; 1 (1)             ; 1 (1)        ; 0           ; 0            ; 0       ; 0         ; 0    ; 0            ; |FPGAMAC|MulAndAcc:main_mac|Accumulator16Bit:main_accumulator|RegisterPIPO16Bit:main_register|PosedgeDFF:pipo16bit_dff_array[0].dff_inst                ; work         ;
;             |PosedgeDFF:pipo16bit_dff_array[10].dff_inst| ; 2 (2)             ; 1 (1)        ; 0           ; 0            ; 0       ; 0         ; 0    ; 0            ; |FPGAMAC|MulAndAcc:main_mac|Accumulator16Bit:main_accumulator|RegisterPIPO16Bit:main_register|PosedgeDFF:pipo16bit_dff_array[10].dff_inst               ; work         ;
;             |PosedgeDFF:pipo16bit_dff_array[11].dff_inst| ; 1 (1)             ; 1 (1)        ; 0           ; 0            ; 0       ; 0         ; 0    ; 0            ; |FPGAMAC|MulAndAcc:main_mac|Accumulator16Bit:main_accumulator|RegisterPIPO16Bit:main_register|PosedgeDFF:pipo16bit_dff_array[11].dff_inst               ; work         ;
;             |PosedgeDFF:pipo16bit_dff_array[12].dff_inst| ; 1 (1)             ; 1 (1)        ; 0           ; 0            ; 0       ; 0         ; 0    ; 0            ; |FPGAMAC|MulAndAcc:main_mac|Accumulator16Bit:main_accumulator|RegisterPIPO16Bit:main_register|PosedgeDFF:pipo16bit_dff_array[12].dff_inst               ; work         ;
;             |PosedgeDFF:pipo16bit_dff_array[13].dff_inst| ; 2 (2)             ; 1 (1)        ; 0           ; 0            ; 0       ; 0         ; 0    ; 0            ; |FPGAMAC|MulAndAcc:main_mac|Accumulator16Bit:main_accumulator|RegisterPIPO16Bit:main_register|PosedgeDFF:pipo16bit_dff_array[13].dff_inst               ; work         ;
;             |PosedgeDFF:pipo16bit_dff_array[14].dff_inst| ; 1 (1)             ; 1 (1)        ; 0           ; 0            ; 0       ; 0         ; 0    ; 0            ; |FPGAMAC|MulAndAcc:main_mac|Accumulator16Bit:main_accumulator|RegisterPIPO16Bit:main_register|PosedgeDFF:pipo16bit_dff_array[14].dff_inst               ; work         ;
;             |PosedgeDFF:pipo16bit_dff_array[15].dff_inst| ; 1 (1)             ; 1 (1)        ; 0           ; 0            ; 0       ; 0         ; 0    ; 0            ; |FPGAMAC|MulAndAcc:main_mac|Accumulator16Bit:main_accumulator|RegisterPIPO16Bit:main_register|PosedgeDFF:pipo16bit_dff_array[15].dff_inst               ; work         ;
;             |PosedgeDFF:pipo16bit_dff_array[1].dff_inst|  ; 0 (0)             ; 1 (1)        ; 0           ; 0            ; 0       ; 0         ; 0    ; 0            ; |FPGAMAC|MulAndAcc:main_mac|Accumulator16Bit:main_accumulator|RegisterPIPO16Bit:main_register|PosedgeDFF:pipo16bit_dff_array[1].dff_inst                ; work         ;
;             |PosedgeDFF:pipo16bit_dff_array[2].dff_inst|  ; 0 (0)             ; 1 (1)        ; 0           ; 0            ; 0       ; 0         ; 0    ; 0            ; |FPGAMAC|MulAndAcc:main_mac|Accumulator16Bit:main_accumulator|RegisterPIPO16Bit:main_register|PosedgeDFF:pipo16bit_dff_array[2].dff_inst                ; work         ;
;             |PosedgeDFF:pipo16bit_dff_array[3].dff_inst|  ; 0 (0)             ; 1 (1)        ; 0           ; 0            ; 0       ; 0         ; 0    ; 0            ; |FPGAMAC|MulAndAcc:main_mac|Accumulator16Bit:main_accumulator|RegisterPIPO16Bit:main_register|PosedgeDFF:pipo16bit_dff_array[3].dff_inst                ; work         ;
;             |PosedgeDFF:pipo16bit_dff_array[4].dff_inst|  ; 0 (0)             ; 1 (1)        ; 0           ; 0            ; 0       ; 0         ; 0    ; 0            ; |FPGAMAC|MulAndAcc:main_mac|Accumulator16Bit:main_accumulator|RegisterPIPO16Bit:main_register|PosedgeDFF:pipo16bit_dff_array[4].dff_inst                ; work         ;
;             |PosedgeDFF:pipo16bit_dff_array[5].dff_inst|  ; 0 (0)             ; 1 (1)        ; 0           ; 0            ; 0       ; 0         ; 0    ; 0            ; |FPGAMAC|MulAndAcc:main_mac|Accumulator16Bit:main_accumulator|RegisterPIPO16Bit:main_register|PosedgeDFF:pipo16bit_dff_array[5].dff_inst                ; work         ;
;             |PosedgeDFF:pipo16bit_dff_array[6].dff_inst|  ; 0 (0)             ; 1 (1)        ; 0           ; 0            ; 0       ; 0         ; 0    ; 0            ; |FPGAMAC|MulAndAcc:main_mac|Accumulator16Bit:main_accumulator|RegisterPIPO16Bit:main_register|PosedgeDFF:pipo16bit_dff_array[6].dff_inst                ; work         ;
;             |PosedgeDFF:pipo16bit_dff_array[7].dff_inst|  ; 0 (0)             ; 1 (1)        ; 0           ; 0            ; 0       ; 0         ; 0    ; 0            ; |FPGAMAC|MulAndAcc:main_mac|Accumulator16Bit:main_accumulator|RegisterPIPO16Bit:main_register|PosedgeDFF:pipo16bit_dff_array[7].dff_inst                ; work         ;
;             |PosedgeDFF:pipo16bit_dff_array[8].dff_inst|  ; 0 (0)             ; 1 (1)        ; 0           ; 0            ; 0       ; 0         ; 0    ; 0            ; |FPGAMAC|MulAndAcc:main_mac|Accumulator16Bit:main_accumulator|RegisterPIPO16Bit:main_register|PosedgeDFF:pipo16bit_dff_array[8].dff_inst                ; work         ;
;             |PosedgeDFF:pipo16bit_dff_array[9].dff_inst|  ; 0 (0)             ; 1 (1)        ; 0           ; 0            ; 0       ; 0         ; 0    ; 0            ; |FPGAMAC|MulAndAcc:main_mac|Accumulator16Bit:main_accumulator|RegisterPIPO16Bit:main_register|PosedgeDFF:pipo16bit_dff_array[9].dff_inst                ; work         ;
;       |SequentialMultiplier:main_multiplier_module|       ; 28 (6)            ; 24 (0)       ; 0           ; 0            ; 0       ; 0         ; 0    ; 0            ; |FPGAMAC|MulAndAcc:main_mac|SequentialMultiplier:main_multiplier_module                                                                                 ; work         ;
;          |Adder10Bit:main_adder|                          ; 14 (0)            ; 0 (0)        ; 0           ; 0            ; 0       ; 0         ; 0    ; 0            ; |FPGAMAC|MulAndAcc:main_mac|SequentialMultiplier:main_multiplier_module|Adder10Bit:main_adder                                                           ; work         ;
;             |SingleBitFA:fa_array_10bit[1].fa_inst|       ; 2 (2)             ; 0 (0)        ; 0           ; 0            ; 0       ; 0         ; 0    ; 0            ; |FPGAMAC|MulAndAcc:main_mac|SequentialMultiplier:main_multiplier_module|Adder10Bit:main_adder|SingleBitFA:fa_array_10bit[1].fa_inst                     ; work         ;
;             |SingleBitFA:fa_array_10bit[2].fa_inst|       ; 2 (2)             ; 0 (0)        ; 0           ; 0            ; 0       ; 0         ; 0    ; 0            ; |FPGAMAC|MulAndAcc:main_mac|SequentialMultiplier:main_multiplier_module|Adder10Bit:main_adder|SingleBitFA:fa_array_10bit[2].fa_inst                     ; work         ;
;             |SingleBitFA:fa_array_10bit[3].fa_inst|       ; 2 (2)             ; 0 (0)        ; 0           ; 0            ; 0       ; 0         ; 0    ; 0            ; |FPGAMAC|MulAndAcc:main_mac|SequentialMultiplier:main_multiplier_module|Adder10Bit:main_adder|SingleBitFA:fa_array_10bit[3].fa_inst                     ; work         ;
;             |SingleBitFA:fa_array_10bit[4].fa_inst|       ; 2 (2)             ; 0 (0)        ; 0           ; 0            ; 0       ; 0         ; 0    ; 0            ; |FPGAMAC|MulAndAcc:main_mac|SequentialMultiplier:main_multiplier_module|Adder10Bit:main_adder|SingleBitFA:fa_array_10bit[4].fa_inst                     ; work         ;
;             |SingleBitFA:fa_array_10bit[5].fa_inst|       ; 1 (1)             ; 0 (0)        ; 0           ; 0            ; 0       ; 0         ; 0    ; 0            ; |FPGAMAC|MulAndAcc:main_mac|SequentialMultiplier:main_multiplier_module|Adder10Bit:main_adder|SingleBitFA:fa_array_10bit[5].fa_inst                     ; work         ;
;             |SingleBitFA:fa_array_10bit[6].fa_inst|       ; 1 (1)             ; 0 (0)        ; 0           ; 0            ; 0       ; 0         ; 0    ; 0            ; |FPGAMAC|MulAndAcc:main_mac|SequentialMultiplier:main_multiplier_module|Adder10Bit:main_adder|SingleBitFA:fa_array_10bit[6].fa_inst                     ; work         ;
;             |SingleBitFA:fa_array_10bit[7].fa_inst|       ; 2 (2)             ; 0 (0)        ; 0           ; 0            ; 0       ; 0         ; 0    ; 0            ; |FPGAMAC|MulAndAcc:main_mac|SequentialMultiplier:main_multiplier_module|Adder10Bit:main_adder|SingleBitFA:fa_array_10bit[7].fa_inst                     ; work         ;
;             |SingleBitFA:fa_array_10bit[8].fa_inst|       ; 1 (1)             ; 0 (0)        ; 0           ; 0            ; 0       ; 0         ; 0    ; 0            ; |FPGAMAC|MulAndAcc:main_mac|SequentialMultiplier:main_multiplier_module|Adder10Bit:main_adder|SingleBitFA:fa_array_10bit[8].fa_inst                     ; work         ;
;             |SingleBitFA:fa_array_10bit[9].fa_inst|       ; 1 (1)             ; 0 (0)        ; 0           ; 0            ; 0       ; 0         ; 0    ; 0            ; |FPGAMAC|MulAndAcc:main_mac|SequentialMultiplier:main_multiplier_module|Adder10Bit:main_adder|SingleBitFA:fa_array_10bit[9].fa_inst                     ; work         ;
;          |Counter3Bit:main_counter|                       ; 3 (0)             ; 3 (0)        ; 0           ; 0            ; 0       ; 0         ; 0    ; 0            ; |FPGAMAC|MulAndAcc:main_mac|SequentialMultiplier:main_multiplier_module|Counter3Bit:main_counter                                                        ; work         ;
;             |NegedgeDFF:dff_firstbit|                     ; 1 (1)             ; 1 (1)        ; 0           ; 0            ; 0       ; 0         ; 0    ; 0            ; |FPGAMAC|MulAndAcc:main_mac|SequentialMultiplier:main_multiplier_module|Counter3Bit:main_counter|NegedgeDFF:dff_firstbit                                ; work         ;
;             |NegedgeDFF:dff_secbit|                       ; 1 (1)             ; 1 (1)        ; 0           ; 0            ; 0       ; 0         ; 0    ; 0            ; |FPGAMAC|MulAndAcc:main_mac|SequentialMultiplier:main_multiplier_module|Counter3Bit:main_counter|NegedgeDFF:dff_secbit                                  ; work         ;
;             |NegedgeDFF:dff_thirdbit|                     ; 1 (1)             ; 1 (1)        ; 0           ; 0            ; 0       ; 0         ; 0    ; 0            ; |FPGAMAC|MulAndAcc:main_mac|SequentialMultiplier:main_multiplier_module|Counter3Bit:main_counter|NegedgeDFF:dff_thirdbit                                ; work         ;
;          |PosedgeDFF:fetching_complete_checker|           ; 0 (0)             ; 1 (1)        ; 0           ; 0            ; 0       ; 0         ; 0    ; 0            ; |FPGAMAC|MulAndAcc:main_mac|SequentialMultiplier:main_multiplier_module|PosedgeDFF:fetching_complete_checker                                            ; work         ;
;          |RegisterPIPO10BitNeg:partial_sum_reg|           ; 0 (0)             ; 10 (0)       ; 0           ; 0            ; 0       ; 0         ; 0    ; 0            ; |FPGAMAC|MulAndAcc:main_mac|SequentialMultiplier:main_multiplier_module|RegisterPIPO10BitNeg:partial_sum_reg                                            ; work         ;
;             |NegedgeDFF:pipo10bit_dff_array[0].dff_inst|  ; 0 (0)             ; 1 (1)        ; 0           ; 0            ; 0       ; 0         ; 0    ; 0            ; |FPGAMAC|MulAndAcc:main_mac|SequentialMultiplier:main_multiplier_module|RegisterPIPO10BitNeg:partial_sum_reg|NegedgeDFF:pipo10bit_dff_array[0].dff_inst ; work         ;
;             |NegedgeDFF:pipo10bit_dff_array[1].dff_inst|  ; 0 (0)             ; 1 (1)        ; 0           ; 0            ; 0       ; 0         ; 0    ; 0            ; |FPGAMAC|MulAndAcc:main_mac|SequentialMultiplier:main_multiplier_module|RegisterPIPO10BitNeg:partial_sum_reg|NegedgeDFF:pipo10bit_dff_array[1].dff_inst ; work         ;
;             |NegedgeDFF:pipo10bit_dff_array[2].dff_inst|  ; 0 (0)             ; 1 (1)        ; 0           ; 0            ; 0       ; 0         ; 0    ; 0            ; |FPGAMAC|MulAndAcc:main_mac|SequentialMultiplier:main_multiplier_module|RegisterPIPO10BitNeg:partial_sum_reg|NegedgeDFF:pipo10bit_dff_array[2].dff_inst ; work         ;
;             |NegedgeDFF:pipo10bit_dff_array[3].dff_inst|  ; 0 (0)             ; 1 (1)        ; 0           ; 0            ; 0       ; 0         ; 0    ; 0            ; |FPGAMAC|MulAndAcc:main_mac|SequentialMultiplier:main_multiplier_module|RegisterPIPO10BitNeg:partial_sum_reg|NegedgeDFF:pipo10bit_dff_array[3].dff_inst ; work         ;
;             |NegedgeDFF:pipo10bit_dff_array[4].dff_inst|  ; 0 (0)             ; 1 (1)        ; 0           ; 0            ; 0       ; 0         ; 0    ; 0            ; |FPGAMAC|MulAndAcc:main_mac|SequentialMultiplier:main_multiplier_module|RegisterPIPO10BitNeg:partial_sum_reg|NegedgeDFF:pipo10bit_dff_array[4].dff_inst ; work         ;
;             |NegedgeDFF:pipo10bit_dff_array[5].dff_inst|  ; 0 (0)             ; 1 (1)        ; 0           ; 0            ; 0       ; 0         ; 0    ; 0            ; |FPGAMAC|MulAndAcc:main_mac|SequentialMultiplier:main_multiplier_module|RegisterPIPO10BitNeg:partial_sum_reg|NegedgeDFF:pipo10bit_dff_array[5].dff_inst ; work         ;
;             |NegedgeDFF:pipo10bit_dff_array[6].dff_inst|  ; 0 (0)             ; 1 (1)        ; 0           ; 0            ; 0       ; 0         ; 0    ; 0            ; |FPGAMAC|MulAndAcc:main_mac|SequentialMultiplier:main_multiplier_module|RegisterPIPO10BitNeg:partial_sum_reg|NegedgeDFF:pipo10bit_dff_array[6].dff_inst ; work         ;
;             |NegedgeDFF:pipo10bit_dff_array[7].dff_inst|  ; 0 (0)             ; 1 (1)        ; 0           ; 0            ; 0       ; 0         ; 0    ; 0            ; |FPGAMAC|MulAndAcc:main_mac|SequentialMultiplier:main_multiplier_module|RegisterPIPO10BitNeg:partial_sum_reg|NegedgeDFF:pipo10bit_dff_array[7].dff_inst ; work         ;
;             |NegedgeDFF:pipo10bit_dff_array[8].dff_inst|  ; 0 (0)             ; 1 (1)        ; 0           ; 0            ; 0       ; 0         ; 0    ; 0            ; |FPGAMAC|MulAndAcc:main_mac|SequentialMultiplier:main_multiplier_module|RegisterPIPO10BitNeg:partial_sum_reg|NegedgeDFF:pipo10bit_dff_array[8].dff_inst ; work         ;
;             |NegedgeDFF:pipo10bit_dff_array[9].dff_inst|  ; 0 (0)             ; 1 (1)        ; 0           ; 0            ; 0       ; 0         ; 0    ; 0            ; |FPGAMAC|MulAndAcc:main_mac|SequentialMultiplier:main_multiplier_module|RegisterPIPO10BitNeg:partial_sum_reg|NegedgeDFF:pipo10bit_dff_array[9].dff_inst ; work         ;
;          |RegisterPIPO5Bit:multiplicand_fetch|            ; 0 (0)             ; 5 (0)        ; 0           ; 0            ; 0       ; 0         ; 0    ; 0            ; |FPGAMAC|MulAndAcc:main_mac|SequentialMultiplier:main_multiplier_module|RegisterPIPO5Bit:multiplicand_fetch                                             ; work         ;
;             |PosedgeDFF:pipo5bit_dff_array[0].dff_inst|   ; 0 (0)             ; 1 (1)        ; 0           ; 0            ; 0       ; 0         ; 0    ; 0            ; |FPGAMAC|MulAndAcc:main_mac|SequentialMultiplier:main_multiplier_module|RegisterPIPO5Bit:multiplicand_fetch|PosedgeDFF:pipo5bit_dff_array[0].dff_inst   ; work         ;
;             |PosedgeDFF:pipo5bit_dff_array[1].dff_inst|   ; 0 (0)             ; 1 (1)        ; 0           ; 0            ; 0       ; 0         ; 0    ; 0            ; |FPGAMAC|MulAndAcc:main_mac|SequentialMultiplier:main_multiplier_module|RegisterPIPO5Bit:multiplicand_fetch|PosedgeDFF:pipo5bit_dff_array[1].dff_inst   ; work         ;
;             |PosedgeDFF:pipo5bit_dff_array[2].dff_inst|   ; 0 (0)             ; 1 (1)        ; 0           ; 0            ; 0       ; 0         ; 0    ; 0            ; |FPGAMAC|MulAndAcc:main_mac|SequentialMultiplier:main_multiplier_module|RegisterPIPO5Bit:multiplicand_fetch|PosedgeDFF:pipo5bit_dff_array[2].dff_inst   ; work         ;
;             |PosedgeDFF:pipo5bit_dff_array[3].dff_inst|   ; 0 (0)             ; 1 (1)        ; 0           ; 0            ; 0       ; 0         ; 0    ; 0            ; |FPGAMAC|MulAndAcc:main_mac|SequentialMultiplier:main_multiplier_module|RegisterPIPO5Bit:multiplicand_fetch|PosedgeDFF:pipo5bit_dff_array[3].dff_inst   ; work         ;
;             |PosedgeDFF:pipo5bit_dff_array[4].dff_inst|   ; 0 (0)             ; 1 (1)        ; 0           ; 0            ; 0       ; 0         ; 0    ; 0            ; |FPGAMAC|MulAndAcc:main_mac|SequentialMultiplier:main_multiplier_module|RegisterPIPO5Bit:multiplicand_fetch|PosedgeDFF:pipo5bit_dff_array[4].dff_inst   ; work         ;
;          |RegisterPISO5Bit:multiplier_fetch|              ; 5 (5)             ; 5 (0)        ; 0           ; 0            ; 0       ; 0         ; 0    ; 0            ; |FPGAMAC|MulAndAcc:main_mac|SequentialMultiplier:main_multiplier_module|RegisterPISO5Bit:multiplier_fetch                                               ; work         ;
;             |PosedgeDFF:piso5bit_dff_array[0].dff_inst|   ; 0 (0)             ; 1 (1)        ; 0           ; 0            ; 0       ; 0         ; 0    ; 0            ; |FPGAMAC|MulAndAcc:main_mac|SequentialMultiplier:main_multiplier_module|RegisterPISO5Bit:multiplier_fetch|PosedgeDFF:piso5bit_dff_array[0].dff_inst     ; work         ;
;             |PosedgeDFF:piso5bit_dff_array[1].dff_inst|   ; 0 (0)             ; 1 (1)        ; 0           ; 0            ; 0       ; 0         ; 0    ; 0            ; |FPGAMAC|MulAndAcc:main_mac|SequentialMultiplier:main_multiplier_module|RegisterPISO5Bit:multiplier_fetch|PosedgeDFF:piso5bit_dff_array[1].dff_inst     ; work         ;
;             |PosedgeDFF:piso5bit_dff_array[2].dff_inst|   ; 0 (0)             ; 1 (1)        ; 0           ; 0            ; 0       ; 0         ; 0    ; 0            ; |FPGAMAC|MulAndAcc:main_mac|SequentialMultiplier:main_multiplier_module|RegisterPISO5Bit:multiplier_fetch|PosedgeDFF:piso5bit_dff_array[2].dff_inst     ; work         ;
;             |PosedgeDFF:piso5bit_dff_array[3].dff_inst|   ; 0 (0)             ; 1 (1)        ; 0           ; 0            ; 0       ; 0         ; 0    ; 0            ; |FPGAMAC|MulAndAcc:main_mac|SequentialMultiplier:main_multiplier_module|RegisterPISO5Bit:multiplier_fetch|PosedgeDFF:piso5bit_dff_array[3].dff_inst     ; work         ;
;             |PosedgeDFF:piso5bit_dff_array[4].dff_inst|   ; 0 (0)             ; 1 (1)        ; 0           ; 0            ; 0       ; 0         ; 0    ; 0            ; |FPGAMAC|MulAndAcc:main_mac|SequentialMultiplier:main_multiplier_module|RegisterPISO5Bit:multiplier_fetch|PosedgeDFF:piso5bit_dff_array[4].dff_inst     ; work         ;
+-----------------------------------------------------------+-------------------+--------------+-------------+--------------+---------+-----------+------+--------------+---------------------------------------------------------------------------------------------------------------------------------------------------------+--------------+
Note: For table entries with two numbers listed, the numbers in parentheses indicate the number of resources of the given type used by the specific entity alone. The numbers listed outside of parentheses indicate the total resources of the given type used by the specific entity and all of its sub-entities in the hierarchy.


+------------------------------------------------------+
; General Register Statistics                          ;
+----------------------------------------------+-------+
; Statistic                                    ; Value ;
+----------------------------------------------+-------+
; Total registers                              ; 40    ;
; Number of registers using Synchronous Clear  ; 0     ;
; Number of registers using Synchronous Load   ; 0     ;
; Number of registers using Asynchronous Clear ; 40    ;
; Number of registers using Asynchronous Load  ; 0     ;
; Number of registers using Clock Enable       ; 14    ;
; Number of registers using Preset             ; 0     ;
+----------------------------------------------+-------+


+--------------------------------------------------------------------------------------------------------+
; Port Connectivity Checks: "MulAndAcc:main_mac|Accumulator16Bit:main_accumulator|Adder16Bit:main_adder" ;
+----------+--------+----------+-------------------------------------------------------------------------+
; Port     ; Type   ; Severity ; Details                                                                 ;
+----------+--------+----------+-------------------------------------------------------------------------+
; cin16_i  ; Input  ; Info     ; Stuck at GND                                                            ;
; cout16_o ; Output ; Info     ; Explicitly unconnected                                                  ;
+----------+--------+----------+-------------------------------------------------------------------------+


+----------------------------------------------------------------------------------+
; Port Connectivity Checks: "MulAndAcc:main_mac|Accumulator16Bit:main_accumulator" ;
+------------------+-------+----------+--------------------------------------------+
; Port             ; Type  ; Severity ; Details                                    ;
+------------------+-------+----------+--------------------------------------------+
; new_in_i[15..10] ; Input ; Info     ; Stuck at GND                               ;
+------------------+-------+----------+--------------------------------------------+


+---------------------------------------------------------------------------------------------------------------------------------+
; Port Connectivity Checks: "MulAndAcc:main_mac|SequentialMultiplier:main_multiplier_module|RegisterPIPO10BitNeg:partial_sum_reg" ;
+-----------+-------+----------+--------------------------------------------------------------------------------------------------+
; Port      ; Type  ; Severity ; Details                                                                                          ;
+-----------+-------+----------+--------------------------------------------------------------------------------------------------+
; pdi_sel_i ; Input ; Info     ; Stuck at VCC                                                                                     ;
+-----------+-------+----------+--------------------------------------------------------------------------------------------------+


+------------------------------------------------------------------------------------------------------------------+
; Port Connectivity Checks: "MulAndAcc:main_mac|SequentialMultiplier:main_multiplier_module|Adder10Bit:main_adder" ;
+-------------+--------+----------+--------------------------------------------------------------------------------+
; Port        ; Type   ; Severity ; Details                                                                        ;
+-------------+--------+----------+--------------------------------------------------------------------------------+
; a10_i[9..5] ; Input  ; Info     ; Stuck at GND                                                                   ;
; b10_i[0]    ; Input  ; Info     ; Stuck at GND                                                                   ;
; cin10_i     ; Input  ; Info     ; Stuck at GND                                                                   ;
; cout10_o    ; Output ; Info     ; Explicitly unconnected                                                         ;
+-------------+--------+----------+--------------------------------------------------------------------------------+


+---------------------------------------------------------------------------------------------------------------------------------+
; Port Connectivity Checks: "MulAndAcc:main_mac|SequentialMultiplier:main_multiplier_module|PosedgeDFF:fetching_complete_checker" ;
+------+-------+----------+-------------------------------------------------------------------------------------------------------+
; Port ; Type  ; Severity ; Details                                                                                               ;
+------+-------+----------+-------------------------------------------------------------------------------------------------------+
; d_i  ; Input ; Info     ; Stuck at VCC                                                                                          ;
+------+-------+----------+-------------------------------------------------------------------------------------------------------+


+-------------------------------+
; Elapsed Time Per Partition    ;
+----------------+--------------+
; Partition Name ; Elapsed Time ;
+----------------+--------------+
; Top            ; 00:00:00     ;
+----------------+--------------+


+-------------------------------+
; Analysis & Synthesis Messages ;
+-------------------------------+
Info: *******************************************************************
Info: Running Quartus II 64-Bit Analysis & Synthesis
    Info: Version 13.0.1 Build 232 06/12/2013 Service Pack 1 SJ Web Edition
    Info: Processing started: Fri Apr 05 16:00:56 2024
Info: Command: quartus_map --read_settings_files=on --write_settings_files=off FPGAMAC -c FPGAMAC
Warning (20028): Parallel compilation is not licensed and has been disabled
Info (12021): Found 1 design units, including 1 entities, in source file fpgamac.v
    Info (12023): Found entity 1: FPGAMAC
Info (12021): Found 1 design units, including 1 entities, in source file sequentialmultiplier.v
    Info (12023): Found entity 1: SequentialMultiplier
Info (12021): Found 4 design units, including 4 entities, in source file registers.v
    Info (12023): Found entity 1: RegisterPIPO5Bit
    Info (12023): Found entity 2: RegisterPISO5Bit
    Info (12023): Found entity 3: RegisterPIPO16Bit
    Info (12023): Found entity 4: RegisterPIPO10BitNeg
Info (12021): Found 1 design units, including 1 entities, in source file mulandacc.v
    Info (12023): Found entity 1: MulAndAcc
Info (12021): Found 2 design units, including 2 entities, in source file dffs.v
    Info (12023): Found entity 1: PosedgeDFF
    Info (12023): Found entity 2: NegedgeDFF
Info (12021): Found 1 design units, including 1 entities, in source file counter3bit.v
    Info (12023): Found entity 1: Counter3Bit
Info (12021): Found 3 design units, including 3 entities, in source file adders.v
    Info (12023): Found entity 1: SingleBitFA
    Info (12023): Found entity 2: Adder16Bit
    Info (12023): Found entity 3: Adder10Bit
Info (12021): Found 1 design units, including 1 entities, in source file accumulator16bit.v
    Info (12023): Found entity 1: Accumulator16Bit
Warning (10236): Verilog HDL Implicit Net warning at SequentialMultiplier.v(31): created implicit net for "count_isnotzero"
Info (12127): Elaborating entity "FPGAMAC" for the top level hierarchy
Warning (10036): Verilog HDL or VHDL warning at FPGAMAC.v(14): object "modulo_not_reached" assigned a value but never read
Info (12128): Elaborating entity "MulAndAcc" for hierarchy "MulAndAcc:main_mac"
Info (12128): Elaborating entity "SequentialMultiplier" for hierarchy "MulAndAcc:main_mac|SequentialMultiplier:main_multiplier_module"
Info (12128): Elaborating entity "PosedgeDFF" for hierarchy "MulAndAcc:main_mac|SequentialMultiplier:main_multiplier_module|PosedgeDFF:fetching_complete_checker"
Info (12128): Elaborating entity "Counter3Bit" for hierarchy "MulAndAcc:main_mac|SequentialMultiplier:main_multiplier_module|Counter3Bit:main_counter"
Info (12128): Elaborating entity "NegedgeDFF" for hierarchy "MulAndAcc:main_mac|SequentialMultiplier:main_multiplier_module|Counter3Bit:main_counter|NegedgeDFF:dff_firstbit"
Info (12128): Elaborating entity "RegisterPISO5Bit" for hierarchy "MulAndAcc:main_mac|SequentialMultiplier:main_multiplier_module|RegisterPISO5Bit:multiplier_fetch"
Info (12128): Elaborating entity "RegisterPIPO5Bit" for hierarchy "MulAndAcc:main_mac|SequentialMultiplier:main_multiplier_module|RegisterPIPO5Bit:multiplicand_fetch"
Info (12128): Elaborating entity "Adder10Bit" for hierarchy "MulAndAcc:main_mac|SequentialMultiplier:main_multiplier_module|Adder10Bit:main_adder"
Info (12128): Elaborating entity "SingleBitFA" for hierarchy "MulAndAcc:main_mac|SequentialMultiplier:main_multiplier_module|Adder10Bit:main_adder|SingleBitFA:fa_array_10bit[0].fa_inst"
Info (12128): Elaborating entity "RegisterPIPO10BitNeg" for hierarchy "MulAndAcc:main_mac|SequentialMultiplier:main_multiplier_module|RegisterPIPO10BitNeg:partial_sum_reg"
Info (12128): Elaborating entity "Accumulator16Bit" for hierarchy "MulAndAcc:main_mac|Accumulator16Bit:main_accumulator"
Info (12128): Elaborating entity "Adder16Bit" for hierarchy "MulAndAcc:main_mac|Accumulator16Bit:main_accumulator|Adder16Bit:main_adder"
Info (12128): Elaborating entity "RegisterPIPO16Bit" for hierarchy "MulAndAcc:main_mac|Accumulator16Bit:main_accumulator|RegisterPIPO16Bit:main_register"
Info (16010): Generating hard_block partition "hard_block:auto_generated_inst"
    Info (16011): Adding 0 node(s), including 0 DDIO, 0 PLL, 0 transceiver and 0 LCELL
Info (21057): Implemented 99 device resources after synthesis - the final resource count might be different
    Info (21058): Implemented 12 input pins
    Info (21059): Implemented 22 output pins
    Info (21061): Implemented 65 logic cells
Info: Quartus II 64-Bit Analysis & Synthesis was successful. 0 errors, 3 warnings
    Info: Peak virtual memory: 4605 megabytes
    Info: Processing ended: Fri Apr 05 16:00:57 2024
    Info: Elapsed time: 00:00:01
    Info: Total CPU time (on all processors): 00:00:01


